<?xml version="1.0" encoding="UTF-8"?>
<!-- Generated by org.testng.reporters.JUnitReportReporter -->
<testsuite hostname="DESKTOP-P7M9UKA" failures="0" tests="1" name="Annotations.annoation" time="0.008" errors="0" timestamp="2025-05-15T08:31:34 IST" skipped="0">
  <testcase classname="Annotations.annoation" name="test01" time="0.008"/>
  <system-out/>
</testsuite> <!-- Annotations.annoation -->
