<?xml version="1.0" encoding="UTF-8"?>
<!-- Generated by org.testng.reporters.JUnitReportReporter -->
<testsuite hostname="DESKTOP-P7M9UKA" failures="0" tests="6" name="Annotations.dataprovider" time="22.110" errors="0" timestamp="2025-05-22T15:58:16 IST" skipped="1">
  <testcase classname="Annotations.dataprovider" name="data" time="3.243">
    <skipped/>
  </testcase> <!-- data -->
  <system-out/>
  <testcase classname="Annotations.dataprovider" name="data1" time="3.835"/>
  <system-out/>
  <testcase classname="Annotations.dataprovider" name="data1" time="3.982"/>
  <system-out/>
  <testcase classname="Annotations.dataprovider" name="data1" time="5.506"/>
  <system-out/>
  <testcase classname="Annotations.dataprovider" name="data1" time="4.419"/>
  <system-out/>
  <testcase classname="Annotations.dataprovider" name="data1" time="1.125"/>
  <system-out/>
</testsuite> <!-- Annotations.dataprovider -->
