<?xml version="1.0" encoding="UTF-8"?>
<!-- Generated by org.testng.reporters.JUnitReportReporter -->
<testsuite hostname="DESKTOP-P7M9UKA" failures="0" tests="5" name="Annotations.Attributes" time="0.016" errors="0" timestamp="2025-05-10T10:54:26 IST" skipped="1">
  <testcase classname="Annotations.Attributes" name="Home" time="0.013"/>
  <system-out/>
  <testcase classname="Annotations.Attributes" name="search" time="0.001"/>
  <system-out/>
  <testcase classname="Annotations.Attributes" name="confirm" time="0.001"/>
  <system-out/>
  <testcase classname="Annotations.Attributes" name="logout" time="0.001"/>
  <system-out/>
  <testcase classname="Annotations.Attributes" name="login">
    <skipped/>
  </testcase> <!-- login -->
  <system-out/>
</testsuite> <!-- Annotations.Attributes -->
