<?xml version="1.0" encoding="UTF-8"?>
<!-- Generated by org.testng.reporters.JUnitReportReporter -->
<testsuite hostname="DESKTOP-P7M9UKA" failures="0" tests="7" name="Annotations.blazedemoTest" time="30.464" errors="0" timestamp="2025-05-22T15:41:52 IST" skipped="4">
  <testcase classname="Annotations.blazedemoTest" name="tc_01" time="20.025"/>
  <system-out/>
  <testcase classname="Annotations.blazedemoTest" name="tc_02" time="5.274"/>
  <system-out/>
  <testcase classname="Annotations.blazedemoTest" name="tc_03" time="5.165"/>
  <system-out/>
  <testcase classname="Annotations.blazedemoTest" name="tc_04" time="0.000">
    <skipped/>
  </testcase> <!-- tc_04 -->
  <system-out/>
  <testcase classname="Annotations.blazedemoTest" name="tc_05" time="0.000">
    <skipped/>
  </testcase> <!-- tc_05 -->
  <system-out/>
  <testcase classname="Annotations.blazedemoTest" name="tc_06" time="0.000">
    <skipped/>
  </testcase> <!-- tc_06 -->
  <system-out/>
  <testcase classname="Annotations.blazedemoTest" name="tc_07" time="0.000">
    <skipped/>
  </testcase> <!-- tc_07 -->
  <system-out/>
</testsuite> <!-- Annotations.blazedemoTest -->
